<?xml version="1.0" encoding="UTF-8"?>
<testsuite name="oop.project.cli.ScenariosTests$Div" tests="7" skipped="0" failures="0" errors="0" timestamp="2024-04-10T23:16:22" hostname="LAPTOP-LDMUF31B" time="0.084">
  <properties/>
  <testcase name="[1] Sub, sub --left 1.0 --right 2.0, {right=2.0, left=1.0}" classname="oop.project.cli.ScenariosTests$Div" time="0.039"/>
  <testcase name="[2] Left Only, sub --left 1.0, null" classname="oop.project.cli.ScenariosTests$Div" time="0.004"/>
  <testcase name="[3] Right Only, sub --right 2.0, {right=2.0, left=Optional.empty}" classname="oop.project.cli.ScenariosTests$Div" time="0.002"/>
  <testcase name="[4] Missing Value, sub --right, null" classname="oop.project.cli.ScenariosTests$Div" time="0.002"/>
  <testcase name="[5] Extraneous Argument, sub --right 2.0 extraneous, null" classname="oop.project.cli.ScenariosTests$Div" time="0.005"/>
  <testcase name="[6] Misspelled Flag, sub --write 2.0, null" classname="oop.project.cli.ScenariosTests$Div" time="0.004"/>
  <testcase name="[7] Not A Number, sub --right two, null" classname="oop.project.cli.ScenariosTests$Div" time="0.003"/>
  <system-out><![CDATA[--left
1.0
--right
2.0
true
--left
1.0
false
--right
2.0
false
--right
false
--right
2.0
extraneous
false
--write
2.0
false
--right
two
false
]]></system-out>
  <system-err><![CDATA[]]></system-err>
</testsuite>
