<?xml version="1.0" encoding="UTF-8"?>
<testsuite name="oop.project.cli.ScenariosTests$Sqrt" tests="4" skipped="0" failures="0" errors="0" timestamp="2024-04-22T21:15:33" hostname="ADDISONSXPS" time="0.012">
  <properties/>
  <testcase name="[1] Valid, sqrt 4, {number=4}" classname="oop.project.cli.ScenariosTests$Sqrt" time="0.0"/>
  <testcase name="[2] Imperfect Square, sqrt 3, {number=3}" classname="oop.project.cli.ScenariosTests$Sqrt" time="0.001"/>
  <testcase name="[3] Zero, sqrt 0, {number=0}" classname="oop.project.cli.ScenariosTests$Sqrt" time="0.001"/>
  <testcase name="[4] Negative, sqrt -1, null" classname="oop.project.cli.ScenariosTests$Sqrt" time="0.004"/>
  <system-out><![CDATA[Token: sqrt
Token: 4
Token: sqrt
Token: 3
Token: sqrt
Token: 0
Token: sqrt
Token: -1
]]></system-out>
  <system-err><![CDATA[]]></system-err>
</testsuite>
