<?xml version="1.0" encoding="UTF-8"?>
<testsuite name="oop.project.cli.ScenariosTests$Date" tests="2" skipped="0" failures="0" errors="0" timestamp="2024-04-11T20:03:40" hostname="ADDISONSXPS" time="0.065">
  <properties/>
  <testcase name="[1] Date, date 2024-01-01, {date=2024-01-01}" classname="oop.project.cli.ScenariosTests$Date" time="0.053"/>
  <testcase name="[2] Invalid, date 20240401, null" classname="oop.project.cli.ScenariosTests$Date" time="0.005"/>
  <system-out><![CDATA[]]></system-out>
  <system-err><![CDATA[]]></system-err>
</testsuite>
