<?xml version="1.0" encoding="UTF-8"?>
<testsuite name="oop.project.cli.ScenariosTests$Sqrt" tests="6" skipped="0" failures="0" errors="0" timestamp="2024-04-23T04:11:25" hostname="ADDISONSXPS" time="0.012">
  <properties/>
  <testcase name="[1] Sanity, sqrt, null" classname="oop.project.cli.ScenariosTests$Sqrt" time="0.002"/>
  <testcase name="[2] Valid, sqrt 4, {number=4}" classname="oop.project.cli.ScenariosTests$Sqrt" time="0.001"/>
  <testcase name="[3] Imperfect Square, sqrt 3, {number=3}" classname="oop.project.cli.ScenariosTests$Sqrt" time="0.001"/>
  <testcase name="[4] Zero, sqrt 0, {number=0}" classname="oop.project.cli.ScenariosTests$Sqrt" time="0.0"/>
  <testcase name="[5] Negative, sqrt -1, null" classname="oop.project.cli.ScenariosTests$Sqrt" time="0.001"/>
  <testcase name="[6] Not an integer, sqrt 4.0, null" classname="oop.project.cli.ScenariosTests$Sqrt" time="0.001"/>
  <system-out><![CDATA[Token: sqrt
Token: sqrt
Token: 4
Token: sqrt
Token: 3
Token: sqrt
Token: 0
Token: sqrt
Token: -1
Token: sqrt
Token: 4.0
]]></system-out>
  <system-err><![CDATA[]]></system-err>
</testsuite>
