<?xml version="1.0" encoding="UTF-8"?>
<testsuite name="oop.project.cli.ScenariosTests$Div" tests="7" skipped="0" failures="0" errors="0" timestamp="2024-04-23T03:54:23" hostname="ADDISONSXPS" time="0.025">
  <properties/>
  <testcase name="[1] Sub, sub --left 1.0 --right 2.0, {left=1.0, right=2.0}" classname="oop.project.cli.ScenariosTests$Div" time="0.002"/>
  <testcase name="[2] Left Only, sub --left 1.0, null" classname="oop.project.cli.ScenariosTests$Div" time="0.002"/>
  <testcase name="[3] Right Only, sub --right 2.0, {left=Optional.empty, right=2.0}" classname="oop.project.cli.ScenariosTests$Div" time="0.002"/>
  <testcase name="[4] Missing Value, sub --right, null" classname="oop.project.cli.ScenariosTests$Div" time="0.001"/>
  <testcase name="[5] Extraneous Argument, sub --right 2.0 extraneous, null" classname="oop.project.cli.ScenariosTests$Div" time="0.002"/>
  <testcase name="[6] Misspelled Flag, sub --write 2.0, null" classname="oop.project.cli.ScenariosTests$Div" time="0.001"/>
  <testcase name="[7] Not A Number, sub --right two, null" classname="oop.project.cli.ScenariosTests$Div" time="0.01"/>
  <system-out><![CDATA[Token: sub
Token: --left
Token: 1.0
Token: --right
Token: 2.0
Token: sub
Token: --left
Token: 1.0
Token: sub
Token: --right
Token: 2.0
Token: sub
Token: --right
Token: sub
Token: --right
Token: 2.0
Token: extraneous
Token: sub
Token: --write
Token: 2.0
Token: sub
Token: --right
Token: two
]]></system-out>
  <system-err><![CDATA[]]></system-err>
</testsuite>
